2023-03-06 13:55:01,948 [Worker-3: Loading available Gradle versions] INFO  o.e.b.c.i.u.g.PublishedGradleVersions - Gradle version information cache is out-of-date. Trying to update.
2023-03-06 13:58:39,961 [Worker-6: Importing Maven projects] INFO  o.e.m.c.i.l.LifecycleMappingFactory - Using org.eclipse.m2e.jdt.JarLifecycleMapping lifecycle mapping for MavenProject: com.fertilizermanagement:fertilizer-management-system:0.0.1-SNAPSHOT @ H:\Project Final Code\backend\pom.xml.
2023-03-06 13:58:50,388 [Worker-6: Importing Maven projects] INFO  o.e.m.j.i.AbstractJavaProjectConfigurator - Adding source folder /fertilizer-management-system/src/main/java
2023-03-06 13:58:50,390 [Worker-6: Importing Maven projects] INFO  o.e.m.j.i.AbstractJavaProjectConfigurator - Adding resource folder /fertilizer-management-system/src/main/resources
2023-03-06 13:58:50,394 [Worker-6: Importing Maven projects] INFO  o.e.m.j.i.AbstractJavaProjectConfigurator - Adding resource folder /fertilizer-management-system/src/main/resources
2023-03-06 13:58:50,396 [Worker-6: Importing Maven projects] INFO  o.e.m.j.i.AbstractJavaProjectConfigurator - Adding source folder /fertilizer-management-system/src/test/java
2023-03-06 13:58:51,559 [Worker-6: Importing Maven projects] INFO  o.e.m.c.i.p.ProjectConfigurationManager - Imported and configured 1 project(s) in 19 sec
2023-03-06 13:58:52,189 [Worker-2: Updating Maven Project] INFO  o.e.m.c.i.p.ProjectConfigurationManager - Update started
2023-03-06 13:58:54,813 [Worker-2: Updating Maven Project] INFO  o.e.m.c.i.l.LifecycleMappingFactory - Using org.eclipse.m2e.jdt.JarLifecycleMapping lifecycle mapping for MavenProject: com.fertilizermanagement:fertilizer-management-system:0.0.1-SNAPSHOT @ H:\Project Final Code\backend\pom.xml.
2023-03-06 13:58:56,292 [Worker-2: Updating Maven Project] INFO  o.e.m.j.i.AbstractJavaProjectConfigurator - Adding source folder /fertilizer-management-system/src/main/java
2023-03-06 13:58:56,292 [Worker-2: Updating Maven Project] INFO  o.e.m.j.i.AbstractJavaProjectConfigurator - Adding resource folder /fertilizer-management-system/src/main/resources
2023-03-06 13:58:56,293 [Worker-2: Updating Maven Project] INFO  o.e.m.j.i.AbstractJavaProjectConfigurator - Adding resource folder /fertilizer-management-system/src/main/resources
2023-03-06 13:58:56,294 [Worker-2: Updating Maven Project] INFO  o.e.m.j.i.AbstractJavaProjectConfigurator - Adding source folder /fertilizer-management-system/src/test/java
2023-03-06 13:58:59,779 [Worker-2: Updating Maven Project] INFO  o.e.m.c.i.p.ProjectConfigurationManager - Update completed for 1 poms: local refresh takes 0.00 sec, refresh facades takes 4.00 sec, update config takes 1.00 sec 
2023-03-06 14:00:06,236 [main] INFO  o.e.m2e.actions.ExecutePomAction - Creating new launch configuration
2023-03-06 14:00:25,472 [Worker-14: Launching backend] INFO  o.eclipse.m2e.core.internal.Bundles - getClasspathEntries(Bundle=org.eclipse.m2e.maven.runtime_3.8.604.20221130-2149 [345])
2023-03-06 14:00:25,487 [Worker-14: Launching backend] INFO  o.eclipse.m2e.core.internal.Bundles - 	Entry: C:\Users\Ruturaj\Downloads\sts-4.17.2.RELEASE\plugins\org.eclipse.m2e.maven.runtime_3.8.604.20221130-2149
2023-03-06 14:00:25,488 [Worker-14: Launching backend] INFO  o.eclipse.m2e.core.internal.Bundles - 	Entry: C:\Users\Ruturaj\Downloads\sts-4.17.2.RELEASE\plugins\org.eclipse.m2e.maven.runtime_3.8.604.20221130-2149\jars\aether-connector-okhttp-0.17.8.jar
2023-03-06 14:00:25,488 [Worker-14: Launching backend] INFO  o.eclipse.m2e.core.internal.Bundles - 	Entry: C:\Users\Ruturaj\Downloads\sts-4.17.2.RELEASE\plugins\org.eclipse.m2e.maven.runtime_3.8.604.20221130-2149\jars\commons-cli-1.4.jar
2023-03-06 14:00:25,489 [Worker-14: Launching backend] INFO  o.eclipse.m2e.core.internal.Bundles - 	Entry: C:\Users\Ruturaj\Downloads\sts-4.17.2.RELEASE\plugins\org.eclipse.m2e.maven.runtime_3.8.604.20221130-2149\jars\commons-io-2.6.jar
2023-03-06 14:00:25,490 [Worker-14: Launching backend] INFO  o.eclipse.m2e.core.internal.Bundles - 	Entry: C:\Users\Ruturaj\Downloads\sts-4.17.2.RELEASE\plugins\org.eclipse.m2e.maven.runtime_3.8.604.20221130-2149\jars\commons-lang3-3.8.1.jar
2023-03-06 14:00:25,490 [Worker-14: Launching backend] INFO  o.eclipse.m2e.core.internal.Bundles - 	Entry: C:\Users\Ruturaj\Downloads\sts-4.17.2.RELEASE\plugins\org.eclipse.m2e.maven.runtime_3.8.604.20221130-2149\jars\guice-4.2.2-no_aop.jar
2023-03-06 14:00:25,491 [Worker-14: Launching backend] INFO  o.eclipse.m2e.core.internal.Bundles - 	Entry: C:\Users\Ruturaj\Downloads\sts-4.17.2.RELEASE\plugins\org.eclipse.m2e.maven.runtime_3.8.604.20221130-2149\jars\jansi-2.4.0.jar
2023-03-06 14:00:25,491 [Worker-14: Launching backend] INFO  o.eclipse.m2e.core.internal.Bundles - 	Entry: C:\Users\Ruturaj\Downloads\sts-4.17.2.RELEASE\plugins\org.eclipse.m2e.maven.runtime_3.8.604.20221130-2149\jars\maven-artifact-3.8.6.jar
2023-03-06 14:00:25,492 [Worker-14: Launching backend] INFO  o.eclipse.m2e.core.internal.Bundles - 	Entry: C:\Users\Ruturaj\Downloads\sts-4.17.2.RELEASE\plugins\org.eclipse.m2e.maven.runtime_3.8.604.20221130-2149\jars\maven-builder-support-3.8.6.jar
2023-03-06 14:00:25,493 [Worker-14: Launching backend] INFO  o.eclipse.m2e.core.internal.Bundles - 	Entry: C:\Users\Ruturaj\Downloads\sts-4.17.2.RELEASE\plugins\org.eclipse.m2e.maven.runtime_3.8.604.20221130-2149\jars\maven-compat-3.8.6.jar
2023-03-06 14:00:25,494 [Worker-14: Launching backend] INFO  o.eclipse.m2e.core.internal.Bundles - 	Entry: C:\Users\Ruturaj\Downloads\sts-4.17.2.RELEASE\plugins\org.eclipse.m2e.maven.runtime_3.8.604.20221130-2149\jars\maven-core-3.8.6.jar
2023-03-06 14:00:25,494 [Worker-14: Launching backend] INFO  o.eclipse.m2e.core.internal.Bundles - 	Entry: C:\Users\Ruturaj\Downloads\sts-4.17.2.RELEASE\plugins\org.eclipse.m2e.maven.runtime_3.8.604.20221130-2149\jars\maven-embedder-3.8.6.jar
2023-03-06 14:00:25,495 [Worker-14: Launching backend] INFO  o.eclipse.m2e.core.internal.Bundles - 	Entry: C:\Users\Ruturaj\Downloads\sts-4.17.2.RELEASE\plugins\org.eclipse.m2e.maven.runtime_3.8.604.20221130-2149\jars\maven-model-3.8.6.jar
2023-03-06 14:00:25,495 [Worker-14: Launching backend] INFO  o.eclipse.m2e.core.internal.Bundles - 	Entry: C:\Users\Ruturaj\Downloads\sts-4.17.2.RELEASE\plugins\org.eclipse.m2e.maven.runtime_3.8.604.20221130-2149\jars\maven-model-builder-3.8.6.jar
2023-03-06 14:00:25,496 [Worker-14: Launching backend] INFO  o.eclipse.m2e.core.internal.Bundles - 	Entry: C:\Users\Ruturaj\Downloads\sts-4.17.2.RELEASE\plugins\org.eclipse.m2e.maven.runtime_3.8.604.20221130-2149\jars\maven-plugin-api-3.8.6.jar
2023-03-06 14:00:25,497 [Worker-14: Launching backend] INFO  o.eclipse.m2e.core.internal.Bundles - 	Entry: C:\Users\Ruturaj\Downloads\sts-4.17.2.RELEASE\plugins\org.eclipse.m2e.maven.runtime_3.8.604.20221130-2149\jars\maven-repository-metadata-3.8.6.jar
2023-03-06 14:00:25,497 [Worker-14: Launching backend] INFO  o.eclipse.m2e.core.internal.Bundles - 	Entry: C:\Users\Ruturaj\Downloads\sts-4.17.2.RELEASE\plugins\org.eclipse.m2e.maven.runtime_3.8.604.20221130-2149\jars\maven-resolver-api-1.6.3.jar
2023-03-06 14:00:25,498 [Worker-14: Launching backend] INFO  o.eclipse.m2e.core.internal.Bundles - 	Entry: C:\Users\Ruturaj\Downloads\sts-4.17.2.RELEASE\plugins\org.eclipse.m2e.maven.runtime_3.8.604.20221130-2149\jars\maven-resolver-connector-basic-1.6.3.jar
2023-03-06 14:00:25,498 [Worker-14: Launching backend] INFO  o.eclipse.m2e.core.internal.Bundles - 	Entry: C:\Users\Ruturaj\Downloads\sts-4.17.2.RELEASE\plugins\org.eclipse.m2e.maven.runtime_3.8.604.20221130-2149\jars\maven-resolver-impl-1.6.3.jar
2023-03-06 14:00:25,499 [Worker-14: Launching backend] INFO  o.eclipse.m2e.core.internal.Bundles - 	Entry: C:\Users\Ruturaj\Downloads\sts-4.17.2.RELEASE\plugins\org.eclipse.m2e.maven.runtime_3.8.604.20221130-2149\jars\maven-resolver-provider-3.8.6.jar
2023-03-06 14:00:25,500 [Worker-14: Launching backend] INFO  o.eclipse.m2e.core.internal.Bundles - 	Entry: C:\Users\Ruturaj\Downloads\sts-4.17.2.RELEASE\plugins\org.eclipse.m2e.maven.runtime_3.8.604.20221130-2149\jars\maven-resolver-spi-1.6.3.jar
2023-03-06 14:00:25,501 [Worker-14: Launching backend] INFO  o.eclipse.m2e.core.internal.Bundles - 	Entry: C:\Users\Ruturaj\Downloads\sts-4.17.2.RELEASE\plugins\org.eclipse.m2e.maven.runtime_3.8.604.20221130-2149\jars\maven-resolver-transport-wagon-1.6.3.jar
2023-03-06 14:00:25,502 [Worker-14: Launching backend] INFO  o.eclipse.m2e.core.internal.Bundles - 	Entry: C:\Users\Ruturaj\Downloads\sts-4.17.2.RELEASE\plugins\org.eclipse.m2e.maven.runtime_3.8.604.20221130-2149\jars\maven-resolver-util-1.6.3.jar
2023-03-06 14:00:25,503 [Worker-14: Launching backend] INFO  o.eclipse.m2e.core.internal.Bundles - 	Entry: C:\Users\Ruturaj\Downloads\sts-4.17.2.RELEASE\plugins\org.eclipse.m2e.maven.runtime_3.8.604.20221130-2149\jars\maven-settings-3.8.6.jar
2023-03-06 14:00:25,503 [Worker-14: Launching backend] INFO  o.eclipse.m2e.core.internal.Bundles - 	Entry: C:\Users\Ruturaj\Downloads\sts-4.17.2.RELEASE\plugins\org.eclipse.m2e.maven.runtime_3.8.604.20221130-2149\jars\maven-settings-builder-3.8.6.jar
2023-03-06 14:00:25,504 [Worker-14: Launching backend] INFO  o.eclipse.m2e.core.internal.Bundles - 	Entry: C:\Users\Ruturaj\Downloads\sts-4.17.2.RELEASE\plugins\org.eclipse.m2e.maven.runtime_3.8.604.20221130-2149\jars\maven-shared-utils-3.3.4.jar
2023-03-06 14:00:25,516 [Worker-14: Launching backend] INFO  o.eclipse.m2e.core.internal.Bundles - 	Entry: C:\Users\Ruturaj\Downloads\sts-4.17.2.RELEASE\plugins\org.eclipse.m2e.maven.runtime_3.8.604.20221130-2149\jars\okhttp-3.14.1.jar
2023-03-06 14:00:25,517 [Worker-14: Launching backend] INFO  o.eclipse.m2e.core.internal.Bundles - 	Entry: C:\Users\Ruturaj\Downloads\sts-4.17.2.RELEASE\plugins\org.eclipse.m2e.maven.runtime_3.8.604.20221130-2149\jars\okio-1.17.3.jar
2023-03-06 14:00:25,519 [Worker-14: Launching backend] INFO  o.eclipse.m2e.core.internal.Bundles - 	Entry: C:\Users\Ruturaj\Downloads\sts-4.17.2.RELEASE\plugins\org.eclipse.m2e.maven.runtime_3.8.604.20221130-2149\jars\org.eclipse.sisu.inject-0.3.5.jar
2023-03-06 14:00:25,519 [Worker-14: Launching backend] INFO  o.eclipse.m2e.core.internal.Bundles - 	Entry: C:\Users\Ruturaj\Downloads\sts-4.17.2.RELEASE\plugins\org.eclipse.m2e.maven.runtime_3.8.604.20221130-2149\jars\org.eclipse.sisu.plexus-0.3.5.jar
2023-03-06 14:00:25,520 [Worker-14: Launching backend] INFO  o.eclipse.m2e.core.internal.Bundles - 	Entry: C:\Users\Ruturaj\Downloads\sts-4.17.2.RELEASE\plugins\org.eclipse.m2e.maven.runtime_3.8.604.20221130-2149\jars\plexus-build-api-0.0.7.jar
2023-03-06 14:00:25,522 [Worker-14: Launching backend] INFO  o.eclipse.m2e.core.internal.Bundles - 	Entry: C:\Users\Ruturaj\Downloads\sts-4.17.2.RELEASE\plugins\org.eclipse.m2e.maven.runtime_3.8.604.20221130-2149\jars\plexus-cipher-2.0.jar
2023-03-06 14:00:25,523 [Worker-14: Launching backend] INFO  o.eclipse.m2e.core.internal.Bundles - 	Entry: C:\Users\Ruturaj\Downloads\sts-4.17.2.RELEASE\plugins\org.eclipse.m2e.maven.runtime_3.8.604.20221130-2149\jars\plexus-classworlds-2.6.0.jar
2023-03-06 14:00:25,524 [Worker-14: Launching backend] INFO  o.eclipse.m2e.core.internal.Bundles - 	Entry: C:\Users\Ruturaj\Downloads\sts-4.17.2.RELEASE\plugins\org.eclipse.m2e.maven.runtime_3.8.604.20221130-2149\jars\plexus-component-annotations-2.1.0.jar
2023-03-06 14:00:25,525 [Worker-14: Launching backend] INFO  o.eclipse.m2e.core.internal.Bundles - 	Entry: C:\Users\Ruturaj\Downloads\sts-4.17.2.RELEASE\plugins\org.eclipse.m2e.maven.runtime_3.8.604.20221130-2149\jars\plexus-interpolation-1.26.jar
2023-03-06 14:00:25,526 [Worker-14: Launching backend] INFO  o.eclipse.m2e.core.internal.Bundles - 	Entry: C:\Users\Ruturaj\Downloads\sts-4.17.2.RELEASE\plugins\org.eclipse.m2e.maven.runtime_3.8.604.20221130-2149\jars\plexus-sec-dispatcher-2.0.jar
2023-03-06 14:00:25,527 [Worker-14: Launching backend] INFO  o.eclipse.m2e.core.internal.Bundles - 	Entry: C:\Users\Ruturaj\Downloads\sts-4.17.2.RELEASE\plugins\org.eclipse.m2e.maven.runtime_3.8.604.20221130-2149\jars\plexus-utils-3.3.1.jar
2023-03-06 14:00:25,528 [Worker-14: Launching backend] INFO  o.eclipse.m2e.core.internal.Bundles - 	Entry: C:\Users\Ruturaj\Downloads\sts-4.17.2.RELEASE\plugins\org.eclipse.m2e.maven.runtime_3.8.604.20221130-2149\jars\wagon-file-3.5.1.jar
2023-03-06 14:00:25,529 [Worker-14: Launching backend] INFO  o.eclipse.m2e.core.internal.Bundles - 	Entry: C:\Users\Ruturaj\Downloads\sts-4.17.2.RELEASE\plugins\org.eclipse.m2e.maven.runtime_3.8.604.20221130-2149\jars\wagon-provider-api-3.5.1.jar
2023-03-06 14:00:25,532 [Worker-14: Launching backend] INFO  o.eclipse.m2e.core.internal.Bundles - getClasspathEntries(Bundle=com.google.guava_30.1.0.v20221112-0806 [22])
2023-03-06 14:00:25,537 [Worker-14: Launching backend] INFO  o.eclipse.m2e.core.internal.Bundles - 	Entry: C:\Users\Ruturaj\Downloads\sts-4.17.2.RELEASE\plugins\com.google.guava_30.1.0.v20221112-0806.jar
2023-03-06 14:00:25,537 [Worker-14: Launching backend] INFO  o.eclipse.m2e.core.internal.Bundles - getClasspathEntries(Bundle=slf4j.api_1.7.36 [584])
2023-03-06 14:00:25,542 [Worker-14: Launching backend] INFO  o.eclipse.m2e.core.internal.Bundles - 	Entry: C:\Users\Ruturaj\Downloads\sts-4.17.2.RELEASE\plugins\slf4j.api_1.7.36.jar
2023-03-06 14:00:25,543 [Worker-14: Launching backend] INFO  o.eclipse.m2e.core.internal.Bundles - getClasspathEntries(Bundle=javax.inject_1.0.0.v20220405-0441 [49])
2023-03-06 14:00:25,553 [Worker-14: Launching backend] INFO  o.eclipse.m2e.core.internal.Bundles - 	Entry: C:\Users\Ruturaj\Downloads\sts-4.17.2.RELEASE\plugins\javax.inject_1.0.0.v20220405-0441.jar
2023-03-06 14:00:25,554 [Worker-14: Launching backend] INFO  o.eclipse.m2e.core.internal.Bundles - getClasspathEntries(Bundle=javax.annotation_1.3.5.v20221112-0806 [47])
2023-03-06 14:00:25,558 [Worker-14: Launching backend] INFO  o.eclipse.m2e.core.internal.Bundles - 	Entry: C:\Users\Ruturaj\Downloads\sts-4.17.2.RELEASE\plugins\javax.annotation_1.3.5.v20221112-0806.jar
2023-03-06 14:00:25,573 [Worker-14: Launching backend] INFO  o.e.m.i.launch.MavenLaunchDelegate - Run build in "H:\Project Final Code\backend":
2023-03-06 14:00:25,584 [Worker-14: Launching backend] INFO  o.e.m.i.launch.MavenLaunchDelegate -  mvn  -B -Dmaven.test.skip=true -DskipTests -Dstyle.color=always clean install
2023-03-06 14:32:03,360 [main] INFO  o.e.m2e.actions.ExecutePomAction - Using existing launch configuration
2023-03-06 14:32:03,551 [Worker-27: Launching backend] INFO  o.e.m.i.launch.MavenLaunchDelegate - Run build in "H:\Project Final Code\backend":
2023-03-06 14:32:03,552 [Worker-27: Launching backend] INFO  o.e.m.i.launch.MavenLaunchDelegate -  mvn  -B -Dmaven.test.skip=true -DskipTests -Dstyle.color=always clean install
2023-03-06 14:37:03,642 [main] INFO  o.e.m2e.actions.ExecutePomAction - Using existing launch configuration
2023-03-06 14:37:03,765 [Worker-44: Launching backend] INFO  o.e.m.i.launch.MavenLaunchDelegate - Run build in "H:\Project Final Code\backend":
2023-03-06 14:37:03,766 [Worker-44: Launching backend] INFO  o.e.m.i.launch.MavenLaunchDelegate -  mvn  -B -Dmaven.test.skip=true -DskipTests -Dstyle.color=always clean install
2023-03-06 19:16:49,228 [Worker-1: Loading available Gradle versions] INFO  o.e.b.c.i.u.g.PublishedGradleVersions - Gradle version information cache is up-to-date. Trying to read.
2023-03-06 19:17:13,176 [Worker-4: Building] INFO  o.e.m.c.i.embedder.EclipseLogger - Using 'UTF-8' encoding to copy filtered resources.
2023-03-06 19:17:13,176 [Worker-4: Building] INFO  o.e.m.c.i.embedder.EclipseLogger - Using 'UTF-8' encoding to copy filtered properties files.
2023-03-06 19:17:13,185 [Worker-4: Building] INFO  o.e.m.c.i.embedder.EclipseLogger - Copying 1 resource
2023-03-06 19:17:13,233 [Worker-4: Building] INFO  o.e.m.c.i.embedder.EclipseLogger - Copying 0 resource
2023-03-06 19:17:13,244 [Worker-4: Building] INFO  o.e.m.c.i.embedder.EclipseLogger - Using 'UTF-8' encoding to copy filtered resources.
2023-03-06 19:17:13,244 [Worker-4: Building] INFO  o.e.m.c.i.embedder.EclipseLogger - Using 'UTF-8' encoding to copy filtered properties files.
2023-03-06 19:17:13,244 [Worker-4: Building] INFO  o.e.m.c.i.embedder.EclipseLogger - skip non existing resourceDirectory H:\Project Final Code\backend\src\test\resources
2023-03-07 12:47:38,414 [Worker-1: Loading available Gradle versions] INFO  o.e.b.c.i.u.g.PublishedGradleVersions - Gradle version information cache is up-to-date. Trying to read.
2023-03-07 20:08:45,082 [Worker-0: Loading available Gradle versions] INFO  o.e.b.c.i.u.g.PublishedGradleVersions - Gradle version information cache is out-of-date. Trying to update.
2023-03-08 09:54:01,222 [Worker-1: Loading available Gradle versions] INFO  o.e.b.c.i.u.g.PublishedGradleVersions - Gradle version information cache is up-to-date. Trying to read.
2023-03-08 09:56:46,702 [Worker-0: Loading available Gradle versions] INFO  o.e.b.c.i.u.g.PublishedGradleVersions - Gradle version information cache is up-to-date. Trying to read.
2023-03-08 09:57:45,588 [Worker-3: Launching fertilizer-management-system - FertilizerManagementSystemApplication] INFO  o.e.m.c.i.embedder.EclipseLogger - Using 'UTF-8' encoding to copy filtered resources.
2023-03-08 09:57:45,620 [Worker-3: Launching fertilizer-management-system - FertilizerManagementSystemApplication] INFO  o.e.m.c.i.embedder.EclipseLogger - Using 'UTF-8' encoding to copy filtered properties files.
2023-03-08 09:57:45,624 [Worker-3: Launching fertilizer-management-system - FertilizerManagementSystemApplication] INFO  o.e.m.c.i.embedder.EclipseLogger - Copying 1 resource
2023-03-08 09:57:45,646 [Worker-3: Launching fertilizer-management-system - FertilizerManagementSystemApplication] INFO  o.e.m.c.i.embedder.EclipseLogger - Copying 0 resource
2023-03-08 09:57:45,653 [Worker-3: Launching fertilizer-management-system - FertilizerManagementSystemApplication] INFO  o.e.m.c.i.embedder.EclipseLogger - Using 'UTF-8' encoding to copy filtered resources.
2023-03-08 09:57:45,654 [Worker-3: Launching fertilizer-management-system - FertilizerManagementSystemApplication] INFO  o.e.m.c.i.embedder.EclipseLogger - Using 'UTF-8' encoding to copy filtered properties files.
2023-03-08 09:57:45,654 [Worker-3: Launching fertilizer-management-system - FertilizerManagementSystemApplication] INFO  o.e.m.c.i.embedder.EclipseLogger - skip non existing resourceDirectory H:\Project Final Code\backend\src\test\resources
2023-03-08 11:45:32,673 [Worker-4: Loading available Gradle versions] INFO  o.e.b.c.i.u.g.PublishedGradleVersions - Gradle version information cache is up-to-date. Trying to read.
2023-03-08 19:29:41,454 [Worker-2: Loading available Gradle versions] INFO  o.e.b.c.i.u.g.PublishedGradleVersions - Gradle version information cache is up-to-date. Trying to read.
2023-03-09 08:10:09,324 [Worker-0: Loading available Gradle versions] INFO  o.e.b.c.i.u.g.PublishedGradleVersions - Gradle version information cache is out-of-date. Trying to update.
2023-03-10 05:13:32,553 [Worker-2: Loading available Gradle versions] INFO  o.e.b.c.i.u.g.PublishedGradleVersions - Gradle version information cache is up-to-date. Trying to read.
2023-03-10 11:32:12,895 [Worker-1: Loading available Gradle versions] INFO  o.e.b.c.i.u.g.PublishedGradleVersions - Gradle version information cache is out-of-date. Trying to update.
2023-03-11 09:22:10,532 [Worker-1: Loading available Gradle versions] INFO  o.e.b.c.i.u.g.PublishedGradleVersions - Gradle version information cache is up-to-date. Trying to read.
2023-03-11 09:37:58,355 [Worker-13: Launching fertilizer-management-system - FertilizerManagementSystemApplication] INFO  o.e.m.c.i.embedder.EclipseLogger - Using 'UTF-8' encoding to copy filtered resources.
2023-03-11 09:37:58,502 [Worker-13: Launching fertilizer-management-system - FertilizerManagementSystemApplication] INFO  o.e.m.c.i.embedder.EclipseLogger - Using 'UTF-8' encoding to copy filtered properties files.
2023-03-11 09:37:58,509 [Worker-13: Launching fertilizer-management-system - FertilizerManagementSystemApplication] INFO  o.e.m.c.i.embedder.EclipseLogger - Copying 1 resource
2023-03-11 09:37:58,595 [Worker-13: Launching fertilizer-management-system - FertilizerManagementSystemApplication] INFO  o.e.m.c.i.embedder.EclipseLogger - Copying 0 resource
2023-03-11 09:37:58,608 [Worker-13: Launching fertilizer-management-system - FertilizerManagementSystemApplication] INFO  o.e.m.c.i.embedder.EclipseLogger - Using 'UTF-8' encoding to copy filtered resources.
2023-03-11 09:37:58,609 [Worker-13: Launching fertilizer-management-system - FertilizerManagementSystemApplication] INFO  o.e.m.c.i.embedder.EclipseLogger - Using 'UTF-8' encoding to copy filtered properties files.
2023-03-11 09:37:58,609 [Worker-13: Launching fertilizer-management-system - FertilizerManagementSystemApplication] INFO  o.e.m.c.i.embedder.EclipseLogger - skip non existing resourceDirectory H:\Project Final Code\backend\src\test\resources
